<?xml version="1.0" encoding="UTF-8"?>
<testsuite xmlns:xsi="http://www.w3.org/2001/XMLSchema-instance" xsi:noNamespaceSchemaLocation="https://maven.apache.org/surefire/maven-surefire-plugin/xsd/surefire-test-report.xsd" name="com.Server.CourseServerTest" time="0" tests="4" errors="0" skipped="0" failures="0">
  <properties>
    <property name="sun.desktop" value="gnome"/>
    <property name="awt.toolkit" value="sun.awt.X11.XToolkit"/>
    <property name="java.specification.version" value="11"/>
    <property name="sun.cpu.isalist" value=""/>
    <property name="sun.jnu.encoding" value="UTF-8"/>
    <property name="java.class.path" value="/home/proud/IdeaProjects/Segfault/target/test-classes:/home/proud/IdeaProjects/Segfault/target/classes:/home/proud/.m2/repository/javax/servlet/javax.servlet-api/3.0.1/javax.servlet-api-3.0.1.jar:/home/proud/.m2/repository/org/postgresql/postgresql/42.2.5/postgresql-42.2.5.jar:/home/proud/.m2/repository/org/junit/jupiter/junit-jupiter-api/5.4.0/junit-jupiter-api-5.4.0.jar:/home/proud/.m2/repository/org/apiguardian/apiguardian-api/1.0.0/apiguardian-api-1.0.0.jar:/home/proud/.m2/repository/org/opentest4j/opentest4j/1.1.1/opentest4j-1.1.1.jar:/home/proud/.m2/repository/org/junit/platform/junit-platform-commons/1.4.0/junit-platform-commons-1.4.0.jar:/home/proud/.m2/repository/junit/junit/4.12/junit-4.12.jar:/home/proud/.m2/repository/org/hamcrest/hamcrest-core/1.3/hamcrest-core-1.3.jar:/home/proud/.m2/repository/org/junit/jupiter/junit-jupiter-engine/5.2.0-M1/junit-jupiter-engine-5.2.0-M1.jar:/home/proud/.m2/repository/org/junit/platform/junit-platform-engine/1.2.0-M1/junit-platform-engine-1.2.0-M1.jar:/home/proud/.m2/repository/org/junit/platform/junit-platform-surefire-provider/1.2.0-M1/junit-platform-surefire-provider-1.2.0-M1.jar:/home/proud/.m2/repository/org/junit/platform/junit-platform-launcher/1.2.0-M1/junit-platform-launcher-1.2.0-M1.jar:/home/proud/.m2/repository/org/apache/maven/surefire/surefire-api/2.21.0/surefire-api-2.21.0.jar:/home/proud/.m2/repository/org/apache/maven/surefire/surefire-logger-api/2.21.0/surefire-logger-api-2.21.0.jar:/home/proud/.m2/repository/org/apache/maven/surefire/common-java5/2.21.0/common-java5-2.21.0.jar:/home/proud/.m2/repository/com/vaadin/vaadin-login-flow/1.0.0/vaadin-login-flow-1.0.0.jar:/home/proud/.m2/repository/org/webjars/bowergithub/vaadin/vaadin-login/1.0.0/vaadin-login-1.0.0.jar:/home/proud/.m2/repository/org/webjars/bowergithub/vaadin/vaadin-lumo-styles/1.4.1/vaadin-lumo-styles-1.4.1.jar:/home/proud/.m2/repository/org/webjars/bowergithub/vaadin/vaadin-button/2.1.2/vaadin-button-2.1.2.jar:/home/proud/.m2/repository/org/webjars/bowergithub/vaadin/vaadin-control-state-mixin/2.1.2/vaadin-control-state-mixin-2.1.2.jar:/home/proud/.m2/repository/org/webjars/bowergithub/vaadin/vaadin-overlay/3.2.6/vaadin-overlay-3.2.6.jar:/home/proud/.m2/repository/org/webjars/bowergithub/vaadin/vaadin-text-field/2.3.0/vaadin-text-field-2.3.0.jar:/home/proud/.m2/repository/org/webjars/bowergithub/vaadin/vaadin-themable-mixin/1.4.1/vaadin-themable-mixin-1.4.1.jar:/home/proud/.m2/repository/org/webjars/bowergithub/vaadin/vaadin-material-styles/1.2.0/vaadin-material-styles-1.2.0.jar:/home/proud/.m2/repository/org/webjars/bowergithub/polymerelements/iron-icon/2.1.0/iron-icon-2.1.0.jar:/home/proud/.m2/repository/org/webjars/bowergithub/polymerelements/iron-iconset-svg/2.2.1/iron-iconset-svg-2.2.1.jar:/home/proud/.m2/repository/org/webjars/bowergithub/polymerelements/iron-flex-layout/2.0.3/iron-flex-layout-2.0.3.jar:/home/proud/.m2/repository/org/webjars/bowergithub/polymerelements/iron-meta/2.1.1/iron-meta-2.1.1.jar:/home/proud/.m2/repository/org/webjars/bowergithub/polymer/polymer/2.6.1/polymer-2.6.1.jar:/home/proud/.m2/repository/org/webjars/bowergithub/webcomponents/webcomponentsjs/1.2.6/webcomponentsjs-1.2.6.jar:/home/proud/.m2/repository/org/webjars/bowergithub/webcomponents/shadycss/1.5.0-1/shadycss-1.5.0-1.jar:/home/proud/.m2/repository/org/webjars/bowergithub/vaadin/vaadin-element-mixin/2.1.2/vaadin-element-mixin-2.1.2.jar:/home/proud/.m2/repository/org/webjars/bowergithub/vaadin/vaadin-usage-statistics/2.0.2/vaadin-usage-statistics-2.0.2.jar:/home/proud/.m2/repository/org/webjars/bowergithub/vaadin/vaadin-development-mode-detector/2.0.0/vaadin-development-mode-detector-2.0.0.jar:/home/proud/.m2/repository/com/vaadin/vaadin-select-flow/1.0.0/vaadin-select-flow-1.0.0.jar:/home/proud/.m2/repository/org/webjars/bowergithub/vaadin/vaadin-select/2.0.2/vaadin-select-2.0.2.jar:/home/proud/.m2/repository/org/webjars/bowergithub/vaadin/vaadin-item/2.1.0/vaadin-item-2.1.0.jar:/home/proud/.m2/repository/org/webjars/bowergithub/vaadin/vaadin-list-box/1.1.0/vaadin-list-box-1.1.0.jar:/home/proud/.m2/repository/org/webjars/bowergithub/vaadin/vaadin-list-mixin/2.1.2/vaadin-list-mixin-2.1.2.jar:/home/proud/.m2/repository/org/webjars/bowergithub/polymerelements/iron-resizable-behavior/2.1.1/iron-resizable-behavior-2.1.1.jar:/home/proud/.m2/repository/org/webjars/bowergithub/polymerelements/iron-media-query/2.1.0/iron-media-query-2.1.0.jar:/home/proud/.m2/repository/org/vaadin/ui/numberfield/0.2.0/numberfield-0.2.0.jar:/home/proud/.m2/repository/postgresql/postgresql/9.1-901-1.jdbc4/postgresql-9.1-901-1.jdbc4.jar:/home/proud/.m2/repository/com/vaadin/vaadin-shared/8.7.1/vaadin-shared-8.7.1.jar:/home/proud/.m2/repository/com/vaadin/vaadin-radio-button-flow/1.3.1/vaadin-radio-button-flow-1.3.1.jar:/home/proud/.m2/repository/org/webjars/bowergithub/vaadin/vaadin-radio-button/1.1.4/vaadin-radio-button-1.1.4.jar:/home/proud/.m2/repository/com/vaadin/vaadin-server/8.7.0/vaadin-server-8.7.0.jar:/home/proud/.m2/repository/com/vaadin/vaadin-sass-compiler/0.9.13/vaadin-sass-compiler-0.9.13.jar:/home/proud/.m2/repository/org/w3c/css/sac/1.3/sac-1.3.jar:/home/proud/.m2/repository/com/vaadin/external/flute/flute/1.3.0.gg2/flute-1.3.0.gg2.jar:/home/proud/.m2/repository/org/jsoup/jsoup/1.11.2/jsoup-1.11.2.jar:/home/proud/.m2/repository/com/vaadin/external/gentyref/1.2.0.vaadin1/gentyref-1.2.0.vaadin1.jar:/home/proud/.m2/repository/com/vaadin/vaadin-client/8.7.1/vaadin-client-8.7.1.jar:/home/proud/.m2/repository/com/google/gwt/gwt-elemental/2.8.2/gwt-elemental-2.8.2.jar:/home/proud/.m2/repository/com/google/gwt/gwt-user/2.8.2/gwt-user-2.8.2.jar:/home/proud/.m2/repository/com/google/jsinterop/jsinterop-annotations/1.0.2/jsinterop-annotations-1.0.2.jar:/home/proud/.m2/repository/com/google/jsinterop/jsinterop-annotations/1.0.2/jsinterop-annotations-1.0.2-sources.jar:/home/proud/.m2/repository/javax/validation/validation-api/1.0.0.GA/validation-api-1.0.0.GA.jar:/home/proud/.m2/repository/javax/validation/validation-api/1.0.0.GA/validation-api-1.0.0.GA-sources.jar:/home/proud/.m2/repository/com/vaadin/vaadin-text-field-flow/1.3.0/vaadin-text-field-flow-1.3.0.jar:/home/proud/.m2/repository/com/vaadin/vaadin-push/8.7.1/vaadin-push-8.7.1.jar:/home/proud/.m2/repository/com/vaadin/external/atmosphere/atmosphere-runtime/2.4.30.vaadin1/atmosphere-runtime-2.4.30.vaadin1.jar:/home/proud/.m2/repository/com/vaadin/external/slf4j/vaadin-slf4j-jdk14/1.6.1/vaadin-slf4j-jdk14-1.6.1.jar:/home/proud/.m2/repository/com/vaadin/vaadin-client-compiled/8.7.1/vaadin-client-compiled-8.7.1.jar:/home/proud/.m2/repository/com/vaadin/vaadin-themes/8.7.1/vaadin-themes-8.7.1.jar:"/>
    <property name="java.vm.vendor" value="Oracle Corporation"/>
    <property name="sun.arch.data.model" value="64"/>
    <property name="java.vendor.url" value="http://java.oracle.com/"/>
    <property name="user.timezone" value=""/>
    <property name="java.vm.specification.version" value="11"/>
    <property name="os.name" value="Linux"/>
    <property name="sun.java.launcher" value="SUN_STANDARD"/>
    <property name="user.country" value="ZA"/>
    <property name="sun.boot.library.path" value="/usr/lib/jvm/java-11-oracle/lib"/>
    <property name="sun.java.command" value="/home/proud/IdeaProjects/Segfault/target/surefire/surefirebooter10076693106779534212.jar /home/proud/IdeaProjects/Segfault/target/surefire 2019-04-08T11-15-12_311-jvmRun1 surefire5760091256941433409tmp surefire_015594534147879492638tmp"/>
    <property name="jdk.debug" value="release"/>
    <property name="surefire.test.class.path" value="/home/proud/IdeaProjects/Segfault/target/test-classes:/home/proud/IdeaProjects/Segfault/target/classes:/home/proud/.m2/repository/javax/servlet/javax.servlet-api/3.0.1/javax.servlet-api-3.0.1.jar:/home/proud/.m2/repository/org/postgresql/postgresql/42.2.5/postgresql-42.2.5.jar:/home/proud/.m2/repository/org/junit/jupiter/junit-jupiter-api/5.4.0/junit-jupiter-api-5.4.0.jar:/home/proud/.m2/repository/org/apiguardian/apiguardian-api/1.0.0/apiguardian-api-1.0.0.jar:/home/proud/.m2/repository/org/opentest4j/opentest4j/1.1.1/opentest4j-1.1.1.jar:/home/proud/.m2/repository/org/junit/platform/junit-platform-commons/1.4.0/junit-platform-commons-1.4.0.jar:/home/proud/.m2/repository/junit/junit/4.12/junit-4.12.jar:/home/proud/.m2/repository/org/hamcrest/hamcrest-core/1.3/hamcrest-core-1.3.jar:/home/proud/.m2/repository/org/junit/jupiter/junit-jupiter-engine/5.2.0-M1/junit-jupiter-engine-5.2.0-M1.jar:/home/proud/.m2/repository/org/junit/platform/junit-platform-engine/1.2.0-M1/junit-platform-engine-1.2.0-M1.jar:/home/proud/.m2/repository/org/junit/platform/junit-platform-surefire-provider/1.2.0-M1/junit-platform-surefire-provider-1.2.0-M1.jar:/home/proud/.m2/repository/org/junit/platform/junit-platform-launcher/1.2.0-M1/junit-platform-launcher-1.2.0-M1.jar:/home/proud/.m2/repository/org/apache/maven/surefire/surefire-api/2.21.0/surefire-api-2.21.0.jar:/home/proud/.m2/repository/org/apache/maven/surefire/surefire-logger-api/2.21.0/surefire-logger-api-2.21.0.jar:/home/proud/.m2/repository/org/apache/maven/surefire/common-java5/2.21.0/common-java5-2.21.0.jar:/home/proud/.m2/repository/com/vaadin/vaadin-login-flow/1.0.0/vaadin-login-flow-1.0.0.jar:/home/proud/.m2/repository/org/webjars/bowergithub/vaadin/vaadin-login/1.0.0/vaadin-login-1.0.0.jar:/home/proud/.m2/repository/org/webjars/bowergithub/vaadin/vaadin-lumo-styles/1.4.1/vaadin-lumo-styles-1.4.1.jar:/home/proud/.m2/repository/org/webjars/bowergithub/vaadin/vaadin-button/2.1.2/vaadin-button-2.1.2.jar:/home/proud/.m2/repository/org/webjars/bowergithub/vaadin/vaadin-control-state-mixin/2.1.2/vaadin-control-state-mixin-2.1.2.jar:/home/proud/.m2/repository/org/webjars/bowergithub/vaadin/vaadin-overlay/3.2.6/vaadin-overlay-3.2.6.jar:/home/proud/.m2/repository/org/webjars/bowergithub/vaadin/vaadin-text-field/2.3.0/vaadin-text-field-2.3.0.jar:/home/proud/.m2/repository/org/webjars/bowergithub/vaadin/vaadin-themable-mixin/1.4.1/vaadin-themable-mixin-1.4.1.jar:/home/proud/.m2/repository/org/webjars/bowergithub/vaadin/vaadin-material-styles/1.2.0/vaadin-material-styles-1.2.0.jar:/home/proud/.m2/repository/org/webjars/bowergithub/polymerelements/iron-icon/2.1.0/iron-icon-2.1.0.jar:/home/proud/.m2/repository/org/webjars/bowergithub/polymerelements/iron-iconset-svg/2.2.1/iron-iconset-svg-2.2.1.jar:/home/proud/.m2/repository/org/webjars/bowergithub/polymerelements/iron-flex-layout/2.0.3/iron-flex-layout-2.0.3.jar:/home/proud/.m2/repository/org/webjars/bowergithub/polymerelements/iron-meta/2.1.1/iron-meta-2.1.1.jar:/home/proud/.m2/repository/org/webjars/bowergithub/polymer/polymer/2.6.1/polymer-2.6.1.jar:/home/proud/.m2/repository/org/webjars/bowergithub/webcomponents/webcomponentsjs/1.2.6/webcomponentsjs-1.2.6.jar:/home/proud/.m2/repository/org/webjars/bowergithub/webcomponents/shadycss/1.5.0-1/shadycss-1.5.0-1.jar:/home/proud/.m2/repository/org/webjars/bowergithub/vaadin/vaadin-element-mixin/2.1.2/vaadin-element-mixin-2.1.2.jar:/home/proud/.m2/repository/org/webjars/bowergithub/vaadin/vaadin-usage-statistics/2.0.2/vaadin-usage-statistics-2.0.2.jar:/home/proud/.m2/repository/org/webjars/bowergithub/vaadin/vaadin-development-mode-detector/2.0.0/vaadin-development-mode-detector-2.0.0.jar:/home/proud/.m2/repository/com/vaadin/vaadin-select-flow/1.0.0/vaadin-select-flow-1.0.0.jar:/home/proud/.m2/repository/org/webjars/bowergithub/vaadin/vaadin-select/2.0.2/vaadin-select-2.0.2.jar:/home/proud/.m2/repository/org/webjars/bowergithub/vaadin/vaadin-item/2.1.0/vaadin-item-2.1.0.jar:/home/proud/.m2/repository/org/webjars/bowergithub/vaadin/vaadin-list-box/1.1.0/vaadin-list-box-1.1.0.jar:/home/proud/.m2/repository/org/webjars/bowergithub/vaadin/vaadin-list-mixin/2.1.2/vaadin-list-mixin-2.1.2.jar:/home/proud/.m2/repository/org/webjars/bowergithub/polymerelements/iron-resizable-behavior/2.1.1/iron-resizable-behavior-2.1.1.jar:/home/proud/.m2/repository/org/webjars/bowergithub/polymerelements/iron-media-query/2.1.0/iron-media-query-2.1.0.jar:/home/proud/.m2/repository/org/vaadin/ui/numberfield/0.2.0/numberfield-0.2.0.jar:/home/proud/.m2/repository/postgresql/postgresql/9.1-901-1.jdbc4/postgresql-9.1-901-1.jdbc4.jar:/home/proud/.m2/repository/com/vaadin/vaadin-shared/8.7.1/vaadin-shared-8.7.1.jar:/home/proud/.m2/repository/com/vaadin/vaadin-radio-button-flow/1.3.1/vaadin-radio-button-flow-1.3.1.jar:/home/proud/.m2/repository/org/webjars/bowergithub/vaadin/vaadin-radio-button/1.1.4/vaadin-radio-button-1.1.4.jar:/home/proud/.m2/repository/com/vaadin/vaadin-server/8.7.0/vaadin-server-8.7.0.jar:/home/proud/.m2/repository/com/vaadin/vaadin-sass-compiler/0.9.13/vaadin-sass-compiler-0.9.13.jar:/home/proud/.m2/repository/org/w3c/css/sac/1.3/sac-1.3.jar:/home/proud/.m2/repository/com/vaadin/external/flute/flute/1.3.0.gg2/flute-1.3.0.gg2.jar:/home/proud/.m2/repository/org/jsoup/jsoup/1.11.2/jsoup-1.11.2.jar:/home/proud/.m2/repository/com/vaadin/external/gentyref/1.2.0.vaadin1/gentyref-1.2.0.vaadin1.jar:/home/proud/.m2/repository/com/vaadin/vaadin-client/8.7.1/vaadin-client-8.7.1.jar:/home/proud/.m2/repository/com/google/gwt/gwt-elemental/2.8.2/gwt-elemental-2.8.2.jar:/home/proud/.m2/repository/com/google/gwt/gwt-user/2.8.2/gwt-user-2.8.2.jar:/home/proud/.m2/repository/com/google/jsinterop/jsinterop-annotations/1.0.2/jsinterop-annotations-1.0.2.jar:/home/proud/.m2/repository/com/google/jsinterop/jsinterop-annotations/1.0.2/jsinterop-annotations-1.0.2-sources.jar:/home/proud/.m2/repository/javax/validation/validation-api/1.0.0.GA/validation-api-1.0.0.GA.jar:/home/proud/.m2/repository/javax/validation/validation-api/1.0.0.GA/validation-api-1.0.0.GA-sources.jar:/home/proud/.m2/repository/com/vaadin/vaadin-text-field-flow/1.3.0/vaadin-text-field-flow-1.3.0.jar:/home/proud/.m2/repository/com/vaadin/vaadin-push/8.7.1/vaadin-push-8.7.1.jar:/home/proud/.m2/repository/com/vaadin/external/atmosphere/atmosphere-runtime/2.4.30.vaadin1/atmosphere-runtime-2.4.30.vaadin1.jar:/home/proud/.m2/repository/com/vaadin/external/slf4j/vaadin-slf4j-jdk14/1.6.1/vaadin-slf4j-jdk14-1.6.1.jar:/home/proud/.m2/repository/com/vaadin/vaadin-client-compiled/8.7.1/vaadin-client-compiled-8.7.1.jar:/home/proud/.m2/repository/com/vaadin/vaadin-themes/8.7.1/vaadin-themes-8.7.1.jar:"/>
    <property name="sun.cpu.endian" value="little"/>
    <property name="user.home" value="/home/proud"/>
    <property name="user.language" value="en"/>
    <property name="java.specification.vendor" value="Oracle Corporation"/>
    <property name="java.version.date" value="2019-01-15"/>
    <property name="java.home" value="/usr/lib/jvm/java-11-oracle"/>
    <property name="file.separator" value="/"/>
    <property name="basedir" value="/home/proud/IdeaProjects/Segfault"/>
    <property name="java.vm.compressedOopsMode" value="32-bit"/>
    <property name="line.separator" value="&#10;"/>
    <property name="java.specification.name" value="Java Platform API Specification"/>
    <property name="java.vm.specification.vendor" value="Oracle Corporation"/>
    <property name="java.awt.graphicsenv" value="sun.awt.X11GraphicsEnvironment"/>
    <property name="surefire.real.class.path" value="/home/proud/IdeaProjects/Segfault/target/surefire/surefirebooter10076693106779534212.jar"/>
    <property name="sun.management.compiler" value="HotSpot 64-Bit Tiered Compilers"/>
    <property name="java.runtime.version" value="11.0.2+9-LTS"/>
    <property name="user.name" value="proud"/>
    <property name="path.separator" value=":"/>
    <property name="os.version" value="4.15.0-29-generic"/>
    <property name="java.runtime.name" value="Java(TM) SE Runtime Environment"/>
    <property name="file.encoding" value="UTF-8"/>
    <property name="java.vm.name" value="Java HotSpot(TM) 64-Bit Server VM"/>
    <property name="java.vendor.version" value="18.9"/>
    <property name="localRepository" value="/home/proud/.m2/repository"/>
    <property name="java.vendor.url.bug" value="http://bugreport.java.com/bugreport/"/>
    <property name="java.io.tmpdir" value="/tmp"/>
    <property name="idea.version" value="2018.3.5"/>
    <property name="java.version" value="11.0.2"/>
    <property name="user.dir" value="/home/proud/IdeaProjects/Segfault"/>
    <property name="os.arch" value="amd64"/>
    <property name="java.vm.specification.name" value="Java Virtual Machine Specification"/>
    <property name="java.awt.printerjob" value="sun.print.PSPrinterJob"/>
    <property name="sun.os.patch.level" value="unknown"/>
    <property name="java.library.path" value="/usr/java/packages/lib:/usr/lib64:/lib64:/lib:/usr/lib"/>
    <property name="java.vendor" value="Oracle Corporation"/>
    <property name="java.vm.info" value="mixed mode"/>
    <property name="java.vm.version" value="11.0.2+9-LTS"/>
    <property name="sun.io.unicode.encoding" value="UnicodeLittle"/>
    <property name="java.class.version" value="55.0"/>
  </properties>
  <testcase name="get" classname="com.Server.CourseServerTest" time="0"/>
  <testcase name="showCourse" classname="com.Server.CourseServerTest" time="0"/>
  <testcase name="getCourse" classname="com.Server.CourseServerTest" time="0"/>
  <testcase name="postCourse" classname="com.Server.CourseServerTest" time="0"/>
</testsuite>